<?xml version="1.0" encoding="UTF-8"?>
<testng-results ignored="0" total="3" passed="2" failed="1" skipped="0">
  <reporter-output>
  </reporter-output>
  <suite started-at="2024-07-09T18:08:56 IST" name="Default suite" finished-at="2024-07-09T18:09:22 IST" duration-ms="26147">
    <groups>
    </groups>
    <test started-at="2024-07-09T18:08:56 IST" name="Default test" finished-at="2024-07-09T18:09:22 IST" duration-ms="26147">
      <class name="ecommerce.Testclasses.EditAccountTest">
        <test-method is-config="true" signature="setup()[pri:0, instance:ecommerce.Testclasses.EditAccountTest@7dc19a70]" started-at="2024-07-09T18:08:56 IST" name="setup" finished-at="2024-07-09T18:09:04 IST" duration-ms="8340" status="PASS">
          <reporter-output>
          </reporter-output>
        </test-method> <!-- setup -->
        <test-method signature="navigateToEditAccountpageTest()[pri:0, instance:ecommerce.Testclasses.EditAccountTest@7dc19a70]" started-at="2024-07-09T18:09:04 IST" name="navigateToEditAccountpageTest" finished-at="2024-07-09T18:09:16 IST" duration-ms="12002" status="PASS">
          <reporter-output>
          </reporter-output>
        </test-method> <!-- navigateToEditAccountpageTest -->
        <test-method signature="editAccountInfoTest()[pri:1, instance:ecommerce.Testclasses.EditAccountTest@7dc19a70]" started-at="2024-07-09T18:09:16 IST" name="editAccountInfoTest" finished-at="2024-07-09T18:09:19 IST" duration-ms="2751" status="FAIL">
          <exception class="java.lang.IllegalArgumentException">
            <message>
              <![CDATA[No enum constant org.openqa.selenium.Keys.a]]>
            </message>
            <full-stacktrace>
              <![CDATA[java.lang.IllegalArgumentException: No enum constant org.openqa.selenium.Keys.a
at java.base/java.lang.Enum.valueOf(Enum.java:240)
at org.openqa.selenium.Keys.valueOf(Keys.java:29)
at ecommerce.utility.utilities.clearTextWithControll(utilities.java:156)
at ecommerce.pages.EditAccountInfoPage.editAccountInfo(EditAccountInfoPage.java:45)
at ecommerce.Testclasses.EditAccountTest.editAccountInfoTest(EditAccountTest.java:42)
at java.base/jdk.internal.reflect.NativeMethodAccessorImpl.invoke0(Native Method)
at java.base/jdk.internal.reflect.NativeMethodAccessorImpl.invoke(NativeMethodAccessorImpl.java:62)
at java.base/jdk.internal.reflect.DelegatingMethodAccessorImpl.invoke(DelegatingMethodAccessorImpl.java:43)
at java.base/java.lang.reflect.Method.invoke(Method.java:566)
at org.testng.internal.invokers.MethodInvocationHelper.invokeMethod(MethodInvocationHelper.java:139)
at org.testng.internal.invokers.TestInvoker.invokeMethod(TestInvoker.java:664)
at org.testng.internal.invokers.TestInvoker.invokeTestMethod(TestInvoker.java:227)
at org.testng.internal.invokers.MethodRunner.runInSequence(MethodRunner.java:50)
at org.testng.internal.invokers.TestInvoker$MethodInvocationAgent.invoke(TestInvoker.java:957)
at org.testng.internal.invokers.TestInvoker.invokeTestMethods(TestInvoker.java:200)
at org.testng.internal.invokers.TestMethodWorker.invokeTestMethods(TestMethodWorker.java:148)
at org.testng.internal.invokers.TestMethodWorker.run(TestMethodWorker.java:128)
at java.base/java.util.ArrayList.forEach(ArrayList.java:1541)
at org.testng.TestRunner.privateRun(TestRunner.java:848)
at org.testng.TestRunner.run(TestRunner.java:621)
at org.testng.SuiteRunner.runTest(SuiteRunner.java:443)
at org.testng.SuiteRunner.runSequentially(SuiteRunner.java:437)
at org.testng.SuiteRunner.privateRun(SuiteRunner.java:397)
at org.testng.SuiteRunner.run(SuiteRunner.java:336)
at org.testng.SuiteRunnerWorker.runSuite(SuiteRunnerWorker.java:52)
at org.testng.SuiteRunnerWorker.run(SuiteRunnerWorker.java:95)
at org.testng.TestNG.runSuitesSequentially(TestNG.java:1280)
at org.testng.TestNG.runSuitesLocally(TestNG.java:1200)
at org.testng.TestNG.runSuites(TestNG.java:1114)
at org.testng.TestNG.run(TestNG.java:1082)
at org.testng.remote.AbstractRemoteTestNG.run(AbstractRemoteTestNG.java:115)
at org.testng.remote.RemoteTestNG.initAndRun(RemoteTestNG.java:251)
at org.testng.remote.RemoteTestNG.main(RemoteTestNG.java:77)
]]>
            </full-stacktrace>
          </exception> <!-- java.lang.IllegalArgumentException -->
          <reporter-output>
          </reporter-output>
        </test-method> <!-- editAccountInfoTest -->
        <test-method signature="logout()[pri:2, instance:ecommerce.Testclasses.EditAccountTest@7dc19a70]" started-at="2024-07-09T18:09:19 IST" name="logout" finished-at="2024-07-09T18:09:22 IST" duration-ms="2732" status="PASS">
          <reporter-output>
          </reporter-output>
        </test-method> <!-- logout -->
        <test-method is-config="true" signature="tearDown()[pri:0, instance:ecommerce.Testclasses.EditAccountTest@7dc19a70]" started-at="2024-07-09T18:09:22 IST" name="tearDown" finished-at="2024-07-09T18:09:22 IST" duration-ms="197" status="PASS">
          <reporter-output>
          </reporter-output>
        </test-method> <!-- tearDown -->
      </class> <!-- ecommerce.Testclasses.EditAccountTest -->
    </test> <!-- Default test -->
  </suite> <!-- Default suite -->
</testng-results>
